0 info it worked if it ends with ok
1 verbose cli [ 'node', '/usr/local/bin/npm', 'install', 'bluebird', '–save' ]
2 info using npm@2.5.1
3 info using node@v0.12.0
4 silly cache add args [ 'bluebird', null ]
5 verbose cache add spec bluebird
6 silly cache add args [ '–save', null ]
7 verbose cache add spec –save
8 silly cache add parsed spec { raw: 'bluebird',
8 silly cache add   scope: null,
8 silly cache add   name: 'bluebird',
8 silly cache add   rawSpec: '',
8 silly cache add   spec: '*',
8 silly cache add   type: 'range' }
9 verbose addNamed bluebird@*
10 silly addNamed semver.valid null
11 silly addNamed semver.validRange *
12 silly addNameRange { name: 'bluebird', range: '*', hasData: false }
13 silly mapToRegistry name bluebird
14 silly mapToRegistry using default registry
15 silly mapToRegistry registry https://registry.npmjs.org/
16 silly mapToRegistry uri https://registry.npmjs.org/bluebird
17 verbose addNameRange registry:https://registry.npmjs.org/bluebird not in flight; fetching
18 silly cache add parsed spec { raw: '–save',
18 silly cache add   scope: null,
18 silly cache add   name: null,
18 silly cache add   rawSpec: '–save',
18 silly cache add   spec: '/Users/adamjones/Documents/clients/Stream.vu/api/–save',
18 silly cache add   type: 'local' }
19 error addLocal Could not install /Users/adamjones/Documents/clients/Stream.vu/api/–save
20 verbose request uri https://registry.npmjs.org/bluebird
21 verbose request no auth needed
22 info attempt registry request try #1 at 10:38:39 AM
23 verbose request id ade1da51b0eefdce
24 verbose etag "4B1LC68VI40YWK8W7BF2NV0PQ"
25 http request GET https://registry.npmjs.org/bluebird
26 http 200 https://registry.npmjs.org/bluebird
27 silly get cb [ 200,
27 silly get   { server: 'CouchDB/1.5.0 (Erlang OTP/R16B03)',
27 silly get     etag: '"DT3YVG3100NCAL64EBN7558HO"',
27 silly get     'content-type': 'application/json',
27 silly get     'cache-control': 'max-age=60',
27 silly get     'content-length': '321050',
27 silly get     'accept-ranges': 'bytes',
27 silly get     date: 'Mon, 25 May 2015 17:38:39 GMT',
27 silly get     via: '1.1 varnish',
27 silly get     age: '14',
27 silly get     connection: 'keep-alive',
27 silly get     'x-served-by': 'cache-lax1434-LAX',
27 silly get     'x-cache': 'HIT',
27 silly get     'x-cache-hits': '2',
27 silly get     'x-timer': 'S1432575519.560260,VS0,VE0',
27 silly get     vary: 'Accept' } ]
28 verbose get saving bluebird to /Users/adamjones/.npm/registry.npmjs.org/bluebird/.cache.json
29 silly addNameRange number 2 { name: 'bluebird', range: '*', hasData: true }
30 silly addNameRange versions [ 'bluebird',
30 silly addNameRange   [ '0.7.1-1',
30 silly addNameRange     '0.7.1-2',
30 silly addNameRange     '0.7.1-3',
30 silly addNameRange     '0.7.1-4',
30 silly addNameRange     '0.7.1-5',
30 silly addNameRange     '0.7.2-0',
30 silly addNameRange     '0.7.3-0',
30 silly addNameRange     '0.7.4-0',
30 silly addNameRange     '0.7.4-1',
30 silly addNameRange     '0.7.5-0',
30 silly addNameRange     '0.7.6-0',
30 silly addNameRange     '0.7.7-0',
30 silly addNameRange     '0.7.7-1',
30 silly addNameRange     '0.7.8-0',
30 silly addNameRange     '0.7.8-1',
30 silly addNameRange     '0.7.9-0',
30 silly addNameRange     '0.7.9-1',
30 silly addNameRange     '0.7.10-0',
30 silly addNameRange     '0.7.10-1',
30 silly addNameRange     '0.7.11-0',
30 silly addNameRange     '0.7.12-0',
30 silly addNameRange     '0.7.12-1',
30 silly addNameRange     '0.7.12-2',
30 silly addNameRange     '0.8.0-0',
30 silly addNameRange     '0.8.0-1',
30 silly addNameRange     '0.8.0-2',
30 silly addNameRange     '0.8.0-3',
30 silly addNameRange     '0.8.1-0',
30 silly addNameRange     '0.8.2-0',
30 silly addNameRange     '0.8.2-1',
30 silly addNameRange     '0.8.2-2',
30 silly addNameRange     '0.8.3-0',
30 silly addNameRange     '0.8.3-1',
30 silly addNameRange     '0.8.3-2',
30 silly addNameRange     '0.8.3-3',
30 silly addNameRange     '0.8.4-0',
30 silly addNameRange     '0.8.4-1',
30 silly addNameRange     '0.8.5-0',
30 silly addNameRange     '0.8.5-1',
30 silly addNameRange     '0.9.0-0',
30 silly addNameRange     '0.9.1-0',
30 silly addNameRange     '0.9.1-1',
30 silly addNameRange     '0.9.2-0',
30 silly addNameRange     '0.9.2-1',
30 silly addNameRange     '0.9.3-0',
30 silly addNameRange     '0.9.4-0',
30 silly addNameRange     '0.9.4-1',
30 silly addNameRange     '0.9.5-0',
30 silly addNameRange     '0.9.6-0',
30 silly addNameRange     '0.9.7-0',
30 silly addNameRange     '0.9.8-0',
30 silly addNameRange     '0.9.9-0',
30 silly addNameRange     '0.9.10-0',
30 silly addNameRange     '0.9.10-1',
30 silly addNameRange     '0.9.11-0',
30 silly addNameRange     '0.9.11-1',
30 silly addNameRange     '0.10.0-0',
30 silly addNameRange     '0.10.0-1',
30 silly addNameRange     '0.10.1-0',
30 silly addNameRange     '0.10.2-0',
30 silly addNameRange     '0.10.2-1',
30 silly addNameRange     '0.10.3-0',
30 silly addNameRange     '0.10.4-0',
30 silly addNameRange     '0.10.4-1',
30 silly addNameRange     '0.10.5-0',
30 silly addNameRange     '0.10.6-0',
30 silly addNameRange     '0.10.7-0',
30 silly addNameRange     '0.10.8-0',
30 silly addNameRange     '0.10.9-0',
30 silly addNameRange     '0.10.9-1',
30 silly addNameRange     '0.10.10-0',
30 silly addNameRange     '0.10.11-0',
30 silly addNameRange     '0.10.11-1',
30 silly addNameRange     '0.10.11-2',
30 silly addNameRange     '0.10.11-4',
30 silly addNameRange     '0.10.12-0',
30 silly addNameRange     '0.10.13-0',
30 silly addNameRange     '0.10.13-1',
30 silly addNameRange     '0.10.14-0',
30 silly addNameRange     '0.11.0-0',
30 silly addNameRange     '0.11.1-0',
30 silly addNameRange     '0.11.2-0',
30 silly addNameRange     '0.11.3-0',
30 silly addNameRange     '0.11.4-0',
30 silly addNameRange     '0.11.4-1',
30 silly addNameRange     '0.11.5-0',
30 silly addNameRange     '0.11.5-1',
30 silly addNameRange     '0.11.6-0',
30 silly addNameRange     '1.0.0',
30 silly addNameRange     '1.0.1',
30 silly addNameRange     '1.0.2',
30 silly addNameRange     '1.0.3',
30 silly addNameRange     '1.0.4',
30 silly addNameRange     '1.0.5',
30 silly addNameRange     '1.0.7',
30 silly addNameRange     '1.0.8',
30 silly addNameRange     '1.1.0',
30 silly addNameRange     '1.1.1',
30 silly addNameRange     '1.2.0',
30 silly addNameRange     '1.2.1',
30 silly addNameRange     '1.2.2',
30 silly addNameRange     '1.2.3',
30 silly addNameRange     '1.2.4',
30 silly addNameRange     '2.0.2',
30 silly addNameRange     '2.0.3',
30 silly addNameRange     '2.0.4',
30 silly addNameRange     '2.0.5',
30 silly addNameRange     '2.0.6',
30 silly addNameRange     '2.0.7',
30 silly addNameRange     '2.1.1',
30 silly addNameRange     '2.1.2',
30 silly addNameRange     '2.1.3',
30 silly addNameRange     '2.2.0',
30 silly addNameRange     '2.2.1',
30 silly addNameRange     '2.2.2',
30 silly addNameRange     '2.3.0',
30 silly addNameRange     '2.3.1',
30 silly addNameRange     '2.3.2',
30 silly addNameRange     '2.3.3',
30 silly addNameRange     '2.3.4',
30 silly addNameRange     '2.3.5',
30 silly addNameRange     '0.11.6',
30 silly addNameRange     '2.3.6',
30 silly addNameRange     '2.3.9',
30 silly addNameRange     '2.3.10',
30 silly addNameRange     '2.3.11',
30 silly addNameRange     '2.4.0',
30 silly addNameRange     '2.4.1',
30 silly addNameRange     '2.4.2',
30 silly addNameRange     '2.4.3',
30 silly addNameRange     '2.5.0',
30 silly addNameRange     '2.5.1',
30 silly addNameRange     '2.5.2',
30 silly addNameRange     '2.5.3',
30 silly addNameRange     '2.6.0',
30 silly addNameRange     '2.6.1',
30 silly addNameRange     '2.6.2',
30 silly addNameRange     '2.6.3',
30 silly addNameRange     '2.6.4',
30 silly addNameRange     '2.7.0',
30 silly addNameRange     '2.7.1',
30 silly addNameRange     '2.8.0',
30 silly addNameRange     '2.8.1',
30 silly addNameRange     '2.8.2',
30 silly addNameRange     '2.9.0',
30 silly addNameRange     '2.9.1',
30 silly addNameRange     '2.9.2',
30 silly addNameRange     '2.9.3',
30 silly addNameRange     '2.9.4',
30 silly addNameRange     '2.9.5',
30 silly addNameRange     '2.9.6',
30 silly addNameRange     '2.9.7',
30 silly addNameRange     '2.9.8',
30 silly addNameRange     '2.9.9',
30 silly addNameRange     '2.9.10',
30 silly addNameRange     '2.9.11',
30 silly addNameRange     '2.9.12',
30 silly addNameRange     '2.9.13',
30 silly addNameRange     '2.9.14',
30 silly addNameRange     '2.9.15',
30 silly addNameRange     '2.9.16',
30 silly addNameRange     '2.9.17',
30 silly addNameRange     '2.9.18',
30 silly addNameRange     '2.9.19',
30 silly addNameRange     '2.9.20',
30 silly addNameRange     '2.9.21',
30 silly addNameRange     '2.9.22',
30 silly addNameRange     '2.9.23',
30 silly addNameRange     '2.9.24',
30 silly addNameRange     '2.9.25',
30 silly addNameRange     '2.9.26' ] ]
31 verbose addNamed bluebird@2.9.26
32 silly addNamed semver.valid 2.9.26
33 silly addNamed semver.validRange 2.9.26
34 silly mapToRegistry name bluebird
35 silly mapToRegistry using default registry
36 silly mapToRegistry registry https://registry.npmjs.org/
37 silly mapToRegistry uri https://registry.npmjs.org/bluebird
38 verbose addRemoteTarball https://registry.npmjs.org/bluebird/-/bluebird-2.9.26.tgz not in flight; adding
39 verbose addRemoteTarball [ 'https://registry.npmjs.org/bluebird/-/bluebird-2.9.26.tgz',
39 verbose addRemoteTarball   '362772ea4d09f556a4b9f3b64c2fd136e87e3a55' ]
40 info retry fetch attempt 1 at 10:38:40 AM
41 info attempt registry request try #1 at 10:38:40 AM
42 http fetch GET https://registry.npmjs.org/bluebird/-/bluebird-2.9.26.tgz
43 http fetch 200 https://registry.npmjs.org/bluebird/-/bluebird-2.9.26.tgz
44 silly fetchAndShaCheck shasum 362772ea4d09f556a4b9f3b64c2fd136e87e3a55
45 verbose addTmpTarball /var/folders/8m/_xhpl7q50lq7zgycpnvykjcc0000gn/T/npm-4053-2a0c12d8/registry.npmjs.org/bluebird/-/bluebird-2.9.26.tgz not in flight; adding
46 verbose addTmpTarball already have metadata; skipping unpack for bluebird@2.9.26
47 silly cache afterAdd bluebird@2.9.26
48 verbose afterAdd /Users/adamjones/.npm/bluebird/2.9.26/package/package.json not in flight; writing
49 verbose afterAdd /Users/adamjones/.npm/bluebird/2.9.26/package/package.json written
50 verbose stack Error: ENOENT, open '/Users/adamjones/Documents/clients/Stream.vu/api/–save'
50 verbose stack     at Error (native)
51 verbose cwd /Users/adamjones/Documents/clients/Stream.vu/api
52 error Darwin 14.3.0
53 error argv "node" "/usr/local/bin/npm" "install" "bluebird" "–save"
54 error node v0.12.0
55 error npm  v2.5.1
56 error path /Users/adamjones/Documents/clients/Stream.vu/api/–save
57 error code ENOENT
58 error errno -2
59 error enoent ENOENT, open '/Users/adamjones/Documents/clients/Stream.vu/api/–save'
59 error enoent This is most likely not a problem with npm itself
59 error enoent and is related to npm not being able to find a file.
60 verbose exit [ -2, true ]
